<?xml version="1.0" encoding="UTF-8"?>
<testng-results skipped="0" failed="0" ignored="0" total="1" passed="1">
  <reporter-output>
  </reporter-output>
  <suite name="Default suite" duration-ms="7845" started-at="2020-10-28T21:37:50 EDT" finished-at="2020-10-28T21:37:58 EDT">
    <groups>
    </groups>
    <test name="Default test" duration-ms="7845" started-at="2020-10-28T21:37:50 EDT" finished-at="2020-10-28T21:37:58 EDT">
      <class name="testcases.T2_logpageValidation">
        <test-method status="PASS" signature="browserOpen()[pri:0, instance:testcases.T2_logpageValidation@551aa95a]" name="browserOpen" is-config="true" duration-ms="3009" started-at="2020-10-28T21:37:50 EDT" finished-at="2020-10-28T21:37:53 EDT">
          <reporter-output>
          </reporter-output>
        </test-method> <!-- browserOpen -->
        <test-method status="PASS" signature="homepage()[pri:0, instance:testcases.T2_logpageValidation@551aa95a]" name="homepage" duration-ms="4786" started-at="2020-10-28T21:37:53 EDT" finished-at="2020-10-28T21:37:58 EDT">
          <reporter-output>
          </reporter-output>
        </test-method> <!-- homepage -->
        <test-method status="PASS" signature="closebrowser()[pri:0, instance:testcases.T2_logpageValidation@551aa95a]" name="closebrowser" is-config="true" duration-ms="0" started-at="2020-10-28T21:37:58 EDT" finished-at="2020-10-28T21:37:58 EDT">
          <reporter-output>
          </reporter-output>
        </test-method> <!-- closebrowser -->
      </class> <!-- testcases.T2_logpageValidation -->
    </test> <!-- Default test -->
  </suite> <!-- Default suite -->
</testng-results>
